<?xml version="1.0" encoding="UTF-8"?>
<!-- Generated by org.testng.reporters.JUnitReportReporter -->
<testsuite skipped="0" hostname="Khurram-PC" name="Com.TestNG_Practice.DependsMethod" tests="2" failures="0" timestamp="31 Jul 2018 18:35:14 GMT" time="42.854" errors="0">
  <testcase name="setUp" time="42.839" classname="Com.TestNG_Practice.DependsMethod"/>
  <testcase name="homePage" time="0.015" classname="Com.TestNG_Practice.DependsMethod"/>
</testsuite> <!-- Com.TestNG_Practice.DependsMethod -->
