<?xml version="1.0" encoding="UTF-8"?>
<!-- Generated by org.testng.reporters.JUnitReportReporter -->
<testsuite skipped="0" hostname="Khurram-PC" name="Com.TestNG_Practice.Groups_Priority" tests="2" failures="0" timestamp="29 Jul 2018 18:37:04 GMT" time="29.140" errors="0">
  <testcase name="title_Test" time="17.670" classname="Com.TestNG_Practice.Groups_Priority"/>
  <testcase name="logo_Test" time="11.470" classname="Com.TestNG_Practice.Groups_Priority"/>
</testsuite> <!-- Com.TestNG_Practice.Groups_Priority -->
