<?xml version="1.0" encoding="UTF-8"?>
<!-- Generated by org.testng.reporters.JUnitReportReporter -->
<testsuite skipped="0" hostname="Khurram-PC" name="Com.TestNG_Practice.Invocation_count" tests="10" failures="0" timestamp="29 Jul 2018 18:37:04 GMT" time="0.025" errors="0">
  <testcase name="countingTen" time="0.001" classname="Com.TestNG_Practice.Invocation_count"/>
  <testcase name="countingTen" time="0.002" classname="Com.TestNG_Practice.Invocation_count"/>
  <testcase name="countingTen" time="0.003" classname="Com.TestNG_Practice.Invocation_count"/>
  <testcase name="countingTen" time="0.005" classname="Com.TestNG_Practice.Invocation_count"/>
  <testcase name="countingTen" time="0.003" classname="Com.TestNG_Practice.Invocation_count"/>
  <testcase name="countingTen" time="0.001" classname="Com.TestNG_Practice.Invocation_count"/>
  <testcase name="countingTen" time="0.006" classname="Com.TestNG_Practice.Invocation_count"/>
  <testcase name="countingTen" time="0.000" classname="Com.TestNG_Practice.Invocation_count"/>
  <testcase name="countingTen" time="0.002" classname="Com.TestNG_Practice.Invocation_count"/>
  <testcase name="countingTen" time="0.002" classname="Com.TestNG_Practice.Invocation_count"/>
</testsuite> <!-- Com.TestNG_Practice.Invocation_count -->
